This is pdfTeX, Version 3.14159265-2.6-1.40.19 (MiKTeX 2.9.6630 64-bit) (preloaded format=pdflatex 2019.10.1)  7 JAN 2020 19:03
entering extended mode
**./thesis_ArnoPlaetinck.tex
(thesis_ArnoPlaetinck.tex
LaTeX2e <2017-04-15>
Babel <3.18> and hyphenation patterns for 75 language(s) loaded.
(D:\Programmas\tex\latex\base\report.cls
Document Class: report 2014/09/29 v1.4h Standard LaTeX document class
(D:\Programmas\tex\latex\base\size11.clo
File: size11.clo 2014/09/29 v1.4h Standard LaTeX file (size option)
)
\c@part=\count79
\c@chapter=\count80
\c@section=\count81
\c@subsection=\count82
\c@subsubsection=\count83
\c@paragraph=\count84
\c@subparagraph=\count85
\c@figure=\count86
\c@table=\count87
\abovecaptionskip=\skip41
\belowcaptionskip=\skip42
\bibindent=\dimen102
)
(D:\Programmas\tex\latex\geometry\geometry.sty
Package: geometry 2010/09/12 v5.6 Page Geometry

(D:\Programmas\tex\latex\graphics\keyval.sty
Package: keyval 2014/10/28 v1.15 key=value parser (DPC)
\KV@toks@=\toks14
)
(D:\Programmas\tex\generic\oberdiek\ifpdf.sty
Package: ifpdf 2017/03/15 v3.2 Provides the ifpdf switch
)
(D:\Programmas\tex\generic\oberdiek\ifvtex.sty
Package: ifvtex 2016/05/16 v1.6 Detect VTeX and its facilities (HO)
Package ifvtex Info: VTeX not detected.
)
(D:\Programmas\tex\generic\ifxetex\ifxetex.sty
Package: ifxetex 2010/09/12 v0.6 Provides ifxetex conditional
)
\Gm@cnth=\count88
\Gm@cntv=\count89
\c@Gm@tempcnt=\count90
\Gm@bindingoffset=\dimen103
\Gm@wd@mp=\dimen104
\Gm@odd@mp=\dimen105
\Gm@even@mp=\dimen106
\Gm@layoutwidth=\dimen107
\Gm@layoutheight=\dimen108
\Gm@layouthoffset=\dimen109
\Gm@layoutvoffset=\dimen110
\Gm@dimlist=\toks15

(D:\Programmas\tex\latex\geometry\geometry.cfg))
(D:\Programmas\tex\generic\babel\babel.sty
Package: babel 2018/02/14 3.18 The Babel package

(D:\Programmas\tex\generic\babel\switch.def
File: switch.def 2018/02/14 3.18 Babel switching mechanism
)
*************************************
* Local config file bblopts.cfg used
*
(D:\Programmas\tex\latex\arabi\bblopts.cfg
File: bblopts.cfg 2005/09/08 v0.1 add Arabic and Farsi to "declared" options of
 babel
)
(D:\Programmas\tex\latex\babel-dutch\dutch.ldf
Language: dutch 2005/03/30 v3.8i Dutch support from the babel system

(D:\Programmas\tex\generic\babel\babel.def
File: babel.def 2018/02/14 3.18 Babel common definitions
\babel@savecnt=\count91
\U@D=\dimen111

(D:\Programmas\tex\generic\babel\txtbabel.def)
\bbl@dirlevel=\count92
)
Package babel Info: Making " an active character on input line 132.
))
(D:\Programmas\tex\latex\graphics\graphicx.sty
Package: graphicx 2017/06/01 v1.1a Enhanced LaTeX Graphics (DPC,SPQR)

(D:\Programmas\tex\latex\graphics\graphics.sty
Package: graphics 2017/06/25 v1.2c Standard LaTeX Graphics (DPC,SPQR)

(D:\Programmas\tex\latex\graphics\trig.sty
Package: trig 2016/01/03 v1.10 sin cos tan (DPC)
)
(D:\Programmas\tex\latex\graphics-cfg\graphics.cfg
File: graphics.cfg 2016/06/04 v1.11 sample graphics configuration
)
Package graphics Info: Driver file: pdftex.def on input line 99.

(D:\Programmas\tex\latex\graphics-def\pdftex.def
File: pdftex.def 2018/01/08 v1.0l Graphics/color driver for pdftex
))
\Gin@req@height=\dimen112
\Gin@req@width=\dimen113
)
(D:\Programmas\tex\latex\base\inputenc.sty
Package: inputenc 2015/03/17 v1.2c Input encoding file
\inpenc@prehook=\toks16
\inpenc@posthook=\toks17

(D:\Programmas\tex\latex\base\latin1.def
File: latin1.def 2015/03/17 v1.2c Input encoding file
))
(D:\Programmas\tex\latex\natbib\natbib.sty
Package: natbib 2010/09/13 8.31b (PWD, AO)
\bibhang=\skip43
\bibsep=\skip44
LaTeX Info: Redefining \cite on input line 694.
\c@NAT@ctr=\count93
)
(D:\Programmas\tex\latex\listings\listings.sty
\lst@mode=\count94
\lst@gtempboxa=\box26
\lst@token=\toks18
\lst@length=\count95
\lst@currlwidth=\dimen114
\lst@column=\count96
\lst@pos=\count97
\lst@lostspace=\dimen115
\lst@width=\dimen116
\lst@newlines=\count98
\lst@lineno=\count99
\lst@maxwidth=\dimen117

(D:\Programmas\tex\latex\listings\lstmisc.sty
File: lstmisc.sty 2019/09/10 1.8c (Carsten Heinz)
\c@lstnumber=\count100
\lst@skipnumbers=\count101
\lst@framebox=\box27
)
(D:\Programmas\tex\latex\listings\listings.cfg
File: listings.cfg 2019/09/10 1.8c listings configuration
))
Package: listings 2019/09/10 1.8c (Carsten Heinz)

(D:\Programmas\tex\latex\tools\verbatim.sty
Package: verbatim 2014/10/28 v1.5q LaTeX2e package for verbatim enhancements
\every@verbatim=\toks19
\verbatim@line=\toks20
\verbatim@in@stream=\read1
)
(D:\Programmas\tex\latex\hyperref\hyperref.sty
Package: hyperref 2018/02/06 v6.86b Hypertext links for LaTeX

(D:\Programmas\tex\generic\oberdiek\hobsub-hyperref.sty
Package: hobsub-hyperref 2016/05/16 v1.14 Bundle oberdiek, subset hyperref (HO)


(D:\Programmas\tex\generic\oberdiek\hobsub-generic.sty
Package: hobsub-generic 2016/05/16 v1.14 Bundle oberdiek, subset generic (HO)
Package: hobsub 2016/05/16 v1.14 Construct package bundles (HO)
Package: infwarerr 2016/05/16 v1.4 Providing info/warning/error messages (HO)
Package: ltxcmds 2016/05/16 v1.23 LaTeX kernel commands for general use (HO)
Package: ifluatex 2016/05/16 v1.4 Provides the ifluatex switch (HO)
Package ifluatex Info: LuaTeX not detected.
Package hobsub Info: Skipping package `ifvtex' (already loaded).
Package: intcalc 2016/05/16 v1.2 Expandable calculations with integers (HO)
Package hobsub Info: Skipping package `ifpdf' (already loaded).
Package: etexcmds 2016/05/16 v1.6 Avoid name clashes with e-TeX commands (HO)
Package etexcmds Info: Could not find \expanded.
(etexcmds)             That can mean that you are not using pdfTeX 1.50 or
(etexcmds)             that some package has redefined \expanded.
(etexcmds)             In the latter case, load this package earlier.
Package: kvsetkeys 2016/05/16 v1.17 Key value parser (HO)
Package: kvdefinekeys 2016/05/16 v1.4 Define keys (HO)
Package: pdftexcmds 2018/01/21 v0.26 Utility functions of pdfTeX for LuaTeX (HO
)
Package pdftexcmds Info: LuaTeX not detected.
Package pdftexcmds Info: \pdf@primitive is available.
Package pdftexcmds Info: \pdf@ifprimitive is available.
Package pdftexcmds Info: \pdfdraftmode found.
Package: pdfescape 2016/05/16 v1.14 Implements pdfTeX's escape features (HO)
Package: bigintcalc 2016/05/16 v1.4 Expandable calculations on big integers (HO
)
Package: bitset 2016/05/16 v1.2 Handle bit-vector datatype (HO)
Package: uniquecounter 2016/05/16 v1.3 Provide unlimited unique counter (HO)
)
Package hobsub Info: Skipping package `hobsub' (already loaded).
Package: letltxmacro 2016/05/16 v1.5 Let assignment for LaTeX macros (HO)
Package: hopatch 2016/05/16 v1.3 Wrapper for package hooks (HO)
Package: xcolor-patch 2016/05/16 xcolor patch
Package: atveryend 2016/05/16 v1.9 Hooks at the very end of document (HO)
Package atveryend Info: \enddocument detected (standard20110627).
Package: atbegshi 2016/06/09 v1.18 At begin shipout hook (HO)
Package: refcount 2016/05/16 v3.5 Data extraction from label references (HO)
Package: hycolor 2016/05/16 v1.8 Color options for hyperref/bookmark (HO)
)
(D:\Programmas\tex\latex\oberdiek\auxhook.sty
Package: auxhook 2016/05/16 v1.4 Hooks for auxiliary files (HO)
)
(D:\Programmas\tex\latex\oberdiek\kvoptions.sty
Package: kvoptions 2016/05/16 v3.12 Key value format for package options (HO)
)
\@linkdim=\dimen118
\Hy@linkcounter=\count102
\Hy@pagecounter=\count103

(D:\Programmas\tex\latex\hyperref\pd1enc.def
File: pd1enc.def 2018/02/06 v6.86b Hyperref: PDFDocEncoding definition (HO)
)
\Hy@SavedSpaceFactor=\count104

(D:\Programmas\tex\latex\00miktex\hyperref.cfg
File: hyperref.cfg 2002/06/06 v1.2 hyperref configuration of TeXLive
)
Package hyperref Info: Hyper figures OFF on input line 4509.
Package hyperref Info: Link nesting OFF on input line 4514.
Package hyperref Info: Hyper index ON on input line 4517.
Package hyperref Info: Plain pages OFF on input line 4524.
Package hyperref Info: Backreferencing OFF on input line 4529.
Package hyperref Info: Implicit mode ON; LaTeX internals redefined.
Package hyperref Info: Bookmarks ON on input line 4762.
\c@Hy@tempcnt=\count105

(D:\Programmas\tex\latex\url\url.sty
\Urlmuskip=\muskip10
Package: url 2013/09/16  ver 3.4  Verb mode for urls, etc.
)
LaTeX Info: Redefining \url on input line 5115.
\XeTeXLinkMargin=\dimen119
\Fld@menulength=\count106
\Field@Width=\dimen120
\Fld@charsize=\dimen121
Package hyperref Info: Hyper figures OFF on input line 6369.
Package hyperref Info: Link nesting OFF on input line 6374.
Package hyperref Info: Hyper index ON on input line 6377.
Package hyperref Info: backreferencing OFF on input line 6384.
Package hyperref Info: Link coloring OFF on input line 6389.
Package hyperref Info: Link coloring with OCG OFF on input line 6394.
Package hyperref Info: PDF/A mode OFF on input line 6399.
LaTeX Info: Redefining \ref on input line 6439.
LaTeX Info: Redefining \pageref on input line 6443.
\Hy@abspage=\count107
\c@Item=\count108
\c@Hfootnote=\count109
)
Package hyperref Info: Driver (autodetected): hpdftex.

(D:\Programmas\tex\latex\hyperref\hpdftex.def
File: hpdftex.def 2018/02/06 v6.86b Hyperref driver for pdfTeX
\Fld@listcount=\count110
\c@bookmark@seq@number=\count111

(D:\Programmas\tex\latex\oberdiek\rerunfilecheck.sty
Package: rerunfilecheck 2016/05/16 v1.8 Rerun checks for auxiliary files (HO)
Package uniquecounter Info: New unique counter `rerunfilecheck' on input line 2
82.
)
\Hy@SectionHShift=\skip45
)
(D:\Programmas\tex\latex\caption\caption.sty
Package: caption 2019/09/01 v3.3d Customizing captions (AR)

(D:\Programmas\tex\latex\caption\caption3.sty
Package: caption3 2019/09/01 v1.8d caption3 kernel (AR)
Package caption3 Info: TeX engine: e-TeX on input line 64.
\captionmargin=\dimen122
\captionmargin@=\dimen123
\captionwidth=\dimen124
\caption@tempdima=\dimen125
\caption@indent=\dimen126
\caption@parindent=\dimen127
\caption@hangindent=\dimen128
)
\c@caption@flags=\count112
\c@ContinuedFloat=\count113
Package caption Info: hyperref package is loaded.
Package caption Info: listings package is loaded.
)
(D:\Programmas\tex\latex\pdfpages\pdfpages.sty
Package: pdfpages 2019/09/21 v0.5n Insert pages of external PDF documents (AM)

(D:\Programmas\tex\latex\base\ifthen.sty
Package: ifthen 2014/09/29 v1.1c Standard LaTeX ifthen package (DPC)
)
(D:\Programmas\tex\latex\tools\calc.sty
Package: calc 2014/10/28 v4.3 Infix arithmetic (KKT,FJ)
\calc@Acount=\count114
\calc@Bcount=\count115
\calc@Adimen=\dimen129
\calc@Bdimen=\dimen130
\calc@Askip=\skip46
\calc@Bskip=\skip47
LaTeX Info: Redefining \setlength on input line 80.
LaTeX Info: Redefining \addtolength on input line 81.
\calc@Ccount=\count116
\calc@Cskip=\skip48
)
(D:\Programmas\tex\latex\eso-pic\eso-pic.sty
Package: eso-pic 2018/04/12 v2.0h eso-pic (RN)

(D:\Programmas\tex\latex\xcolor\xcolor.sty
Package: xcolor 2016/05/11 v2.12 LaTeX color extensions (UK)

(D:\Programmas\tex\latex\graphics-cfg\color.cfg
File: color.cfg 2016/01/02 v1.6 sample color configuration
)
Package xcolor Info: Driver file: pdftex.def on input line 225.
Package xcolor Info: Model `cmy' substituted by `cmy0' on input line 1348.
Package xcolor Info: Model `hsb' substituted by `rgb' on input line 1352.
Package xcolor Info: Model `RGB' extended on input line 1364.
Package xcolor Info: Model `HTML' substituted by `rgb' on input line 1366.
Package xcolor Info: Model `Hsb' substituted by `hsb' on input line 1367.
Package xcolor Info: Model `tHsb' substituted by `hsb' on input line 1368.
Package xcolor Info: Model `HSB' substituted by `hsb' on input line 1369.
Package xcolor Info: Model `Gray' substituted by `gray' on input line 1370.
Package xcolor Info: Model `wave' substituted by `hsb' on input line 1371.
))
\AM@pagewidth=\dimen131
\AM@pageheight=\dimen132

(D:\Programmas\tex\latex\pdfpages\pppdftex.def
File: pppdftex.def 2019/09/21 v0.5n Pdfpages driver for pdfTeX (AM)
)
\AM@pagebox=\box28
\AM@global@opts=\toks21
\AM@toc@title=\toks22
\c@AM@survey=\count117
\AM@templatesizebox=\box29
)
(D:\Programmas\tex\latex\pslatex\pslatex.sty
Package: pslatex 1996/07/24 v1.2 pslatex emulation (DPC)
LaTeX Font Info:    Redeclaring symbol font `operators' on input line 65.
LaTeX Font Info:    Overwriting symbol font `operators' in version `normal'
(Font)                  OT1/cmr/m/n --> OT1/ptmcm/m/n on input line 65.
LaTeX Font Info:    Overwriting symbol font `operators' in version `bold'
(Font)                  OT1/cmr/bx/n --> OT1/ptmcm/m/n on input line 65.
LaTeX Font Info:    Redeclaring symbol font `letters' on input line 66.
LaTeX Font Info:    Overwriting symbol font `letters' in version `normal'
(Font)                  OML/cmm/m/it --> OML/ptmcm/m/it on input line 66.
LaTeX Font Info:    Overwriting symbol font `letters' in version `bold'
(Font)                  OML/cmm/b/it --> OML/ptmcm/m/it on input line 66.
LaTeX Font Info:    Redeclaring symbol font `symbols' on input line 67.
LaTeX Font Info:    Overwriting symbol font `symbols' in version `normal'
(Font)                  OMS/cmsy/m/n --> OMS/pzccm/m/n on input line 67.
LaTeX Font Info:    Overwriting symbol font `symbols' in version `bold'
(Font)                  OMS/cmsy/b/n --> OMS/pzccm/m/n on input line 67.
LaTeX Font Info:    Redeclaring symbol font `largesymbols' on input line 68.
LaTeX Font Info:    Overwriting symbol font `largesymbols' in version `normal'
(Font)                  OMX/cmex/m/n --> OMX/psycm/m/n on input line 68.
LaTeX Font Info:    Overwriting symbol font `largesymbols' in version `bold'
(Font)                  OMX/cmex/m/n --> OMX/psycm/m/n on input line 68.
\symbold=\mathgroup4
\symitalic=\mathgroup5
LaTeX Font Info:    Redeclaring math alphabet \mathbf on input line 74.
LaTeX Font Info:    Overwriting math alphabet `\mathbf' in version `normal'
(Font)                  OT1/cmr/bx/n --> OT1/ptm/bx/n on input line 74.
LaTeX Font Info:    Overwriting math alphabet `\mathbf' in version `bold'
(Font)                  OT1/cmr/bx/n --> OT1/ptm/bx/n on input line 74.
LaTeX Font Info:    Redeclaring math alphabet \mathit on input line 75.
LaTeX Font Info:    Overwriting math alphabet `\mathit' in version `normal'
(Font)                  OT1/cmr/m/it --> OT1/ptm/m/it on input line 75.
LaTeX Font Info:    Overwriting math alphabet `\mathit' in version `bold'
(Font)                  OT1/cmr/bx/it --> OT1/ptm/m/it on input line 75.
)
(D:\Programmas\tex\latex\sectsty\sectsty.sty
Package: sectsty 2002/02/25 v2.0.2 Commands to change all sectional heading sty
les
)
(D:\Programmas\tex\latex\glossaries\base\glossaries.sty
Package: glossaries 2019/09/28 v4.43 (NLCT)

(D:\Programmas\tex\latex\xkeyval\xkeyval.sty
Package: xkeyval 2014/12/03 v2.7a package option processing (HA)

(D:\Programmas\tex\generic\xkeyval\xkeyval.tex
(D:\Programmas\tex\generic\xkeyval\xkvutils.tex
\XKV@toks=\toks23
\XKV@tempa@toks=\toks24
)
\XKV@depth=\count118
File: xkeyval.tex 2014/12/03 v2.7a key=value parser (HA)
))
(D:\Programmas\tex\latex\mfirstuc\mfirstuc.sty
Package: mfirstuc 2017/11/14 v2.06 (NLCT)

(D:\Programmas\tex\latex\etoolbox\etoolbox.sty
Package: etoolbox 2019/09/21 v2.5h e-TeX tools for LaTeX (JAW)
\etb@tempcnta=\count119
)
\@glsmfirst=\toks25
\@glsmrest=\toks26
)
(D:\Programmas\tex\latex\textcase\textcase.sty
Package: textcase 2019/09/14 v1.00 Text only upper/lower case changing (DPC)
)
(D:\Programmas\tex\latex\xfor\xfor.sty
Package: xfor 2009/02/05 v1.05 (NLCT)
)
(D:\Programmas\tex\latex\datatool\datatool-base.sty
Package: datatool-base 2019/09/27 v2.32 (NLCT)

(D:\Programmas\tex\latex\amsmath\amsmath.sty
Package: amsmath 2017/09/02 v2.17a AMS math features
\@mathmargin=\skip49

For additional information on amsmath, use the `?' option.
(D:\Programmas\tex\latex\amsmath\amstext.sty
Package: amstext 2000/06/29 v2.01 AMS text

(D:\Programmas\tex\latex\amsmath\amsgen.sty
File: amsgen.sty 1999/11/30 v2.0 generic functions
\@emptytoks=\toks27
\ex@=\dimen133
))
(D:\Programmas\tex\latex\amsmath\amsbsy.sty
Package: amsbsy 1999/11/29 v1.2d Bold Symbols
\pmbraise@=\dimen134
)
(D:\Programmas\tex\latex\amsmath\amsopn.sty
Package: amsopn 2016/03/08 v2.02 operator names
)
\inf@bad=\count120
LaTeX Info: Redefining \frac on input line 213.
\uproot@=\count121
\leftroot@=\count122
LaTeX Info: Redefining \overline on input line 375.
\classnum@=\count123
\DOTSCASE@=\count124
LaTeX Info: Redefining \ldots on input line 472.
LaTeX Info: Redefining \dots on input line 475.
LaTeX Info: Redefining \cdots on input line 596.
\Mathstrutbox@=\box30
\strutbox@=\box31
\big@size=\dimen135
LaTeX Font Info:    Redeclaring font encoding OML on input line 712.
LaTeX Font Info:    Redeclaring font encoding OMS on input line 713.
\macc@depth=\count125
\c@MaxMatrixCols=\count126
\dotsspace@=\muskip11
\c@parentequation=\count127
\dspbrk@lvl=\count128
\tag@help=\toks28
\row@=\count129
\column@=\count130
\maxfields@=\count131
\andhelp@=\toks29
\eqnshift@=\dimen136
\alignsep@=\dimen137
\tagshift@=\dimen138
\tagwidth@=\dimen139
\totwidth@=\dimen140
\lineht@=\dimen141
\@envbody=\toks30
\multlinegap=\skip50
\multlinetaggap=\skip51
\mathdisplay@stack=\toks31
LaTeX Info: Redefining \[ on input line 2817.
LaTeX Info: Redefining \] on input line 2818.
)
(D:\Programmas\tex\latex\substr\substr.sty
Package: substr 2009/10/20 v1.2 Handle substrings
\c@su@anzahl=\count132
)
(D:\Programmas\tex\latex\datatool\datatool-fp.sty
Package: datatool-fp 2019/09/27 v2.32 (NLCT)

(D:\Programmas\tex\latex\fp\fp.sty
Package: fp 1995/04/02

`Fixed Point Package', Version 0.8, April 2, 1995 (C) Michael Mehlich
(D:\Programmas\tex\latex\fp\defpattern.sty
Package: defpattern 1994/10/12
\actioncount=\count133
)
(D:\Programmas\tex\latex\fp\fp-basic.sty
Package: fp-basic 1996/05/13
\FP@xs=\count134
\FP@xia=\count135
\FP@xib=\count136
\FP@xfa=\count137
\FP@xfb=\count138
\FP@rega=\count139
\FP@regb=\count140
\FP@regs=\count141
\FP@times=\count142
)
(D:\Programmas\tex\latex\fp\fp-addons.sty
Package: fp-addons 1995/03/15
)
(D:\Programmas\tex\latex\fp\fp-snap.sty
Package: fp-snap 1995/04/05
) (D:\Programmas\tex\latex\fp\fp-exp.sty
Package: fp-exp 1995/04/03
) (D:\Programmas\tex\latex\fp\fp-trigo.sty
Package: fp-trigo 1995/04/14
)
(D:\Programmas\tex\latex\fp\fp-pas.sty
Package: fp-pas 1994/08/29
)
(D:\Programmas\tex\latex\fp\fp-random.sty
Package: fp-random 1995/02/23
\FPseed=\count143
)
(D:\Programmas\tex\latex\fp\fp-eqn.sty
Package: fp-eqn 1995/04/03
) (D:\Programmas\tex\latex\fp\fp-upn.sty
Package: fp-upn 1996/10/21
) (D:\Programmas\tex\latex\fp\fp-eval.sty
Package: fp-eval 1995/04/03
)))
\@dtl@toks=\toks32
\@dtl@tmpcount=\count144
\dtl@tmplength=\skip52
\dtl@sortresult=\count145
\@dtl@numgrpsepcount=\count146
\@dtl@datatype=\count147
\dtl@codeA=\count148
\dtl@codeB=\count149
\@dtl@foreach@level=\count150
)
(D:\Programmas\tex\latex\glossaries\base\glossaries-compatible-307.sty
Package: glossaries-compatible-307 2019/09/28 v4.43 (NLCT)
)
(D:\Programmas\tex\latex\tracklang\tracklang.sty
Package: tracklang 2019/11/11 v1.3.9 (NLCT) Track Languages

(D:\Programmas\tex\generic\tracklang\tracklang.tex))
(D:\Programmas\tex\latex\translator\translator.sty
Package: translator 2019-05-31 v1.12a Easy translation of strings in LaTeX
)
(D:\Programmas\tex\latex\glossaries-dutch\glossaries-dutch.ldf
File: glossaries-dutch.ldf 2014/11/28 v1.1
)
\gls@level=\count151
\@gls@tmpb=\toks33
\gls@tmplen=\skip53
\glskeylisttok=\toks34
\glslabeltok=\toks35
\glsshorttok=\toks36
\glslongtok=\toks37

(D:\Programmas\tex\latex\glossaries\styles\glossary-hypernav.sty
Package: glossary-hypernav 2019/09/28 v4.43 (NLCT)
)
(D:\Programmas\tex\latex\glossaries\styles\glossary-list.sty
Package: glossary-list 2019/09/28 v4.43 (NLCT)
\glslistdottedwidth=\skip54
)
(D:\Programmas\tex\latex\glossaries\styles\glossary-long.sty
Package: glossary-long 2019/09/28 v4.43 (NLCT)

(D:\Programmas\tex\latex\tools\longtable.sty
Package: longtable 2014/10/28 v4.11 Multi-page Table package (DPC)
\LTleft=\skip55
\LTright=\skip56
\LTpre=\skip57
\LTpost=\skip58
\LTchunksize=\count152
\LTcapwidth=\dimen142
\LT@head=\box32
\LT@firsthead=\box33
\LT@foot=\box34
\LT@lastfoot=\box35
\LT@cols=\count153
\LT@rows=\count154
\c@LT@tables=\count155
\c@LT@chunks=\count156
\LT@p@ftn=\toks38
)
\glsdescwidth=\skip59
\glspagelistwidth=\skip60
)
(D:\Programmas\tex\latex\glossaries\styles\glossary-super.sty
Package: glossary-super 2019/09/28 v4.43 (NLCT)

(D:\Programmas\tex\latex\supertabular\supertabular.sty
Package: supertabular 2004/02/20 v4.1e the supertabular environment
\c@tracingst=\count157
\ST@wd=\dimen143
\ST@rightskip=\skip61
\ST@leftskip=\skip62
\ST@parfillskip=\skip63
\ST@pageleft=\dimen144
\ST@headht=\dimen145
\ST@tailht=\dimen146
\ST@pagesofar=\dimen147
\ST@pboxht=\dimen148
\ST@lineht=\dimen149
\ST@stretchht=\dimen150
\ST@prevht=\dimen151
\ST@toadd=\dimen152
\ST@dimen=\dimen153
\ST@pbox=\box36
))
(D:\Programmas\tex\latex\glossaries\styles\glossary-tree.sty
Package: glossary-tree 2019/09/28 v4.43 (NLCT)
\glstreeindent=\skip64
))
\glswrite=\write3
\glo@main@file=\write4
\openout4 = `thesis_ArnoPlaetinck.glo'.

Package glossaries Info: Writing glossary file thesis_ArnoPlaetinck.glo on inpu
t line 33.
\glo@acronym@file=\write5
\openout5 = `thesis_ArnoPlaetinck.acn'.

Package glossaries Info: Writing glossary file thesis_ArnoPlaetinck.acn on inpu
t line 33.

(D:\Programmas\tex\latex\float\float.sty
Package: float 2001/11/08 v1.3d Float enhancements (AL)
\c@float@type=\count158
\float@exts=\toks39
\float@box=\box37
\@float@everytoks=\toks40
\@floatcapt=\box38
)
(D:\Programmas\tex\latex\hyphenat\hyphenat.sty
Package: hyphenat 2009/09/02 v2.3c hyphenation utilities
\langwohyphens=\language76
LaTeX Info: Redefining \_ on input line 43.
)
(D:\Programmas\tex\latex\base\latexsym.sty
Package: latexsym 1998/08/17 v2.2e Standard LaTeX package (lasy symbols)
\symlasy=\mathgroup6
LaTeX Font Info:    Overwriting symbol font `lasy' in version `bold'
(Font)                  U/lasy/m/n --> U/lasy/b/n on input line 52.
)
(D:\Programmas\tex\latex\amsfonts\amssymb.sty
Package: amssymb 2013/01/14 v3.01 AMS font symbols

(D:\Programmas\tex\latex\amsfonts\amsfonts.sty
Package: amsfonts 2013/01/14 v3.01 Basic AMSFonts support
\symAMSa=\mathgroup7
\symAMSb=\mathgroup8
LaTeX Font Info:    Overwriting math alphabet `\mathfrak' in version `bold'
(Font)                  U/euf/m/n --> U/euf/b/n on input line 106.
)) (fiiw_gent.sty (parallel.sty
Package: parallel 2003/04/13, setting two texts parallel (me)

`parallel': setting two texts parallel, (beta 4) 2003/04/13.
\ParallelLWidth=\dimen154
\ParallelRWidth=\dimen155
\ParallelTextWidth=\dimen156
\ParallelLeftMargin=\dimen157
\ParallelUserMidSkip=\dimen158
\ParallelMainMidSkip=\dimen159
\ParallelLBox=\box39
\ParallelRBox=\box40
\ParallelBoxVar=\box41
\ParallelLTok=\box42
\ParallelRTok=\box43
\ParallelBoolVar=\count159
\ParallelBoolMid=\count160
\ParallelWhichBox=\count161
\ParallelMainMode=\count162
\ParallelFNMode=\count163
\ParallelLFNCounter=\count164
\ParallelRFNCounter=\count165
\ParallelMaxFN=\count166
\ParallelFNNumMode=\count167
)
(D:\Programmas\tex\latex\textpos\textpos.sty
Package: textpos 2019/04/15 v1.9.1

Package: textpos 2019/04/15 1.9.1, absolute positioning of text on the page
\TP@textbox=\box44
\TPHorizModule=\dimen160
\TPVertModule=\dimen161
\TP@margin=\dimen162
\TP@absmargin=\dimen163
Grid set 16 x 16 = 37.34424pt x 52.81541pt
\TPboxrulesize=\dimen164
\TP@tbargs=\toks41
\TP@prevdepth=\dimen165
) (D:\Programmas\tex\latex\fancyhdr\fancyhdr.sty
Package: fancyhdr 2019/01/31 v3.10 Extensive control of page headers and footer
s
\f@nch@headwidth=\skip65
\f@nch@O@elh=\skip66
\f@nch@O@erh=\skip67
\f@nch@O@olh=\skip68
\f@nch@O@orh=\skip69
\f@nch@O@elf=\skip70
\f@nch@O@erf=\skip71
\f@nch@O@olf=\skip72
\f@nch@O@orf=\skip73
)) (thesis_ArnoPlaetinck.aux)
\openout1 = `thesis_ArnoPlaetinck.aux'.

LaTeX Font Info:    Checking defaults for OML/cmm/m/it on input line 131.
LaTeX Font Info:    ... okay on input line 131.
LaTeX Font Info:    Checking defaults for T1/cmr/m/n on input line 131.
LaTeX Font Info:    ... okay on input line 131.
LaTeX Font Info:    Checking defaults for OT1/cmr/m/n on input line 131.
LaTeX Font Info:    ... okay on input line 131.
LaTeX Font Info:    Checking defaults for OMS/pzccm/m/n on input line 131.
LaTeX Font Info:    Try loading font information for OMS+pzccm on input line 13
1.

(D:\Programmas\tex\latex\psnfss\omspzccm.fd
File: omspzccm.fd 2000/01/03 Fontinst v1.801 font definitions for OMS/pzccm.
)
LaTeX Font Info:    ... okay on input line 131.
LaTeX Font Info:    Checking defaults for OMX/cmex/m/n on input line 131.
LaTeX Font Info:    ... okay on input line 131.
LaTeX Font Info:    Checking defaults for U/cmr/m/n on input line 131.
LaTeX Font Info:    ... okay on input line 131.
LaTeX Font Info:    Checking defaults for PD1/pdf/m/n on input line 131.
LaTeX Font Info:    ... okay on input line 131.
LaTeX Font Info:    Font shape `OT1/phv/m/n' will be
(Font)              scaled to size 9.85492pt on input line 131.

*geometry* driver: auto-detecting
*geometry* detected driver: pdftex
*geometry* verbose mode - [ preamble ] result:
* driver: pdftex
* paper: a4paper
* layout: <same size as paper>
* layoutoffset:(h,v)=(0.0pt,0.0pt)
* modes: twoside 
* h-part:(L,W,R)=(99.58464pt, 426.79135pt, 71.13188pt)
* v-part:(T,H,B)=(99.58464pt, 645.87756pt, 99.58464pt)
* \paperwidth=597.50787pt
* \paperheight=845.04684pt
* \textwidth=426.79135pt
* \textheight=645.87756pt
* \oddsidemargin=27.31465pt
* \evensidemargin=-1.1381pt
* \topmargin=-9.68535pt
* \headheight=14.0pt
* \headsep=25.0pt
* \topskip=11.0pt
* \footskip=30.0pt
* \marginparwidth=103.0pt
* \marginparsep=10.0pt
* \columnsep=10.0pt
* \skip\footins=10.0pt plus 4.0pt minus 2.0pt
* \hoffset=0.0pt
* \voffset=0.0pt
* \mag=1000
* \@twocolumnfalse
* \@twosidetrue
* \@mparswitchtrue
* \@reversemarginfalse
* (1in=72.27pt=25.4mm, 1cm=28.453pt)

(D:\Programmas\tex\context\base\mkii\supp-pdf.mkii
[Loading MPS to PDF converter (version 2006.09.02).]
\scratchcounter=\count168
\scratchdimen=\dimen166
\scratchbox=\box45
\nofMPsegments=\count169
\nofMParguments=\count170
\everyMPshowfont=\toks42
\MPscratchCnt=\count171
\MPscratchDim=\dimen167
\MPnumerator=\count172
\makeMPintoPDFobject=\count173
\everyMPtoPDFconversion=\toks43
) (D:\Programmas\tex\latex\oberdiek\epstopdf-base.sty
Package: epstopdf-base 2016/05/15 v2.6 Base part for package epstopdf

(D:\Programmas\tex\latex\oberdiek\grfext.sty
Package: grfext 2016/05/16 v1.2 Manage graphics extensions (HO)
)
Package epstopdf-base Info: Redefining graphics rule for `.eps' on input line 4
38.
Package grfext Info: Graphics extension search list:
(grfext)             [.pdf,.png,.jpg,.mps,.jpeg,.jbig2,.jb2,.PDF,.PNG,.JPG,.JPE
G,.JBIG2,.JB2,.eps]
(grfext)             \AppendGraphicsExtensions on input line 456.
)
\c@lstlisting=\count174
\AtBeginShipoutBox=\box46
Package hyperref Info: Link coloring OFF on input line 131.

(D:\Programmas\tex\latex\hyperref\nameref.sty
Package: nameref 2016/05/21 v2.44 Cross-referencing by name of section

(D:\Programmas\tex\generic\oberdiek\gettitlestring.sty
Package: gettitlestring 2016/05/16 v1.5 Cleanup title references (HO)
)
\c@section@level=\count175
)
LaTeX Info: Redefining \ref on input line 131.
LaTeX Info: Redefining \pageref on input line 131.
LaTeX Info: Redefining \nameref on input line 131.

(thesis_ArnoPlaetinck.out) (thesis_ArnoPlaetinck.out)
\@outlinefile=\write6
\openout6 = `thesis_ArnoPlaetinck.out'.

Package caption Info: Begin \AtBeginDocument code.
Package caption Info: float package is loaded.
Package caption Info: longtable package is loaded.

(D:\Programmas\tex\latex\caption\ltcaption.sty
Package: ltcaption 2018/08/26 v1.4a longtable captions (AR)
)
Package caption Info: supertabular package is loaded.
Package caption Info: End \AtBeginDocument code.

(D:\Programmas\tex\latex\oberdiek\pdflscape.sty
Package: pdflscape 2016/05/14 v0.11 Display of landscape pages in PDF (HO)

(D:\Programmas\tex\latex\graphics\lscape.sty
Package: lscape 2000/10/22 v3.01 Landscape Pages (DPC)
)
Package pdflscape Info: Auto-detected driver: pdftex on input line 81.
)
<cover_fiiw_gent.pdf, id=91, 597.432pt x 845.07718pt>
File: cover_fiiw_gent.pdf Graphic file (type pdf)
<use cover_fiiw_gent.pdf>
Package pdftex.def Info: cover_fiiw_gent.pdf  used on input line 134.
(pdftex.def)             Requested size: 597.50787pt x 845.25565pt.
LaTeX Font Info:    Font shape `OT1/phv/m/n' will be
(Font)              scaled to size 35.99976pt on input line 134.
LaTeX Font Info:    Font shape `OT1/phv/m/n' will be
(Font)              scaled to size 15.55188pt on input line 134.

Overfull \hbox (24.31696pt too wide) in paragraph at lines 134--134
[][]\OT1/phv/m/n/40 Accelerated edge com-pu-ting 
 []


Underfull \hbox (badness 10000) in paragraph at lines 134--134

 []


Underfull \hbox (badness 10000) in paragraph at lines 134--134

 []

LaTeX Font Info:    Font shape `OT1/phv/bx/n' in size <17.28> not available
(Font)              Font shape `OT1/phv/b/n' tried instead on input line 134.
LaTeX Font Info:    Font shape `OT1/phv/b/n' will be
(Font)              scaled to size 15.55188pt on input line 134.
LaTeX Font Info:    Font shape `OT1/phv/m/n' will be
(Font)              scaled to size 10.79993pt on input line 134.
Package babel Info: Redefining dutch shorthand "|
(babel)             in language  on input line 134.
Package babel Info: Redefining dutch shorthand "~
(babel)             in language  on input line 134.
Package babel Info: Redefining dutch shorthand "|
(babel)             in language  on input line 134.
Package babel Info: Redefining dutch shorthand "~
(babel)             in language  on input line 134.
[1

\openout3 = `thesis_ArnoPlaetinck.ist'.

{C:/Users/arnop/AppData/Local/MiKTeX/2.9/pdftex/config/pdftex.map} <./cover_fii
w_gent.pdf>]
Package babel Info: Redefining dutch shorthand "|
(babel)             in language  on input line 134.
Package babel Info: Redefining dutch shorthand "~
(babel)             in language  on input line 134.
Package babel Info: Redefining dutch shorthand "|
(babel)             in language  on input line 134.
Package babel Info: Redefining dutch shorthand "~
(babel)             in language  on input line 134.
 [2

]
LaTeX Font Info:    Try loading font information for OMS+phv on input line 134.

 (D:\Programmas\tex\latex\psnfss\omsphv.fd
File: omsphv.fd 
)
LaTeX Font Info:    Font shape `OMS/phv/m/n' in size <10.95> not available
(Font)              Font shape `OMS/cmsy/m/n' tried instead on input line 134.

Underfull \hbox (badness 10000) in paragraph at lines 134--134

 []


Underfull \hbox (badness 10000) in paragraph at lines 134--134

 []


Overfull \hbox (7.40146pt too wide) in paragraph at lines 134--134
\OT1/phv/m/n/10.95 Voorafgaande schrif-te-lijke toe-stem-ming van de pro-mo-tor
(en) is even-eens ver-eist voor het aan-wen-den
 []


Overfull \hbox (17.35883pt too wide) in paragraph at lines 134--134
\OT1/phv/m/n/10.95 van de in deze mas-ter-proef be-schre-ven (ori-gi-nele) me-t
ho-den, pro-duc-ten, scha-ke-lin-gen en pro-gramma's
 []

Package babel Info: Redefining dutch shorthand "|
(babel)             in language  on input line 134.
Package babel Info: Redefining dutch shorthand "~
(babel)             in language  on input line 134.
Package babel Info: Redefining dutch shorthand "|
(babel)             in language  on input line 134.
Package babel Info: Redefining dutch shorthand "~
(babel)             in language  on input line 134.
[3]
Package babel Info: Redefining dutch shorthand "|
(babel)             in language  on input line 134.
Package babel Info: Redefining dutch shorthand "~
(babel)             in language  on input line 134.
Package babel Info: Redefining dutch shorthand "|
(babel)             in language  on input line 134.
Package babel Info: Redefining dutch shorthand "~
(babel)             in language  on input line 134.
 [4

]
LaTeX Font Info:    Font shape `OT1/phv/m/n' will be
(Font)              scaled to size 22.39185pt on input line 134.
LaTeX Font Info:    Font shape `OT1/phv/bx/n' in size <24.88> not available
(Font)              Font shape `OT1/phv/b/n' tried instead on input line 134.
LaTeX Font Info:    Font shape `OT1/phv/b/n' will be
(Font)              scaled to size 22.39185pt on input line 134.
 (voorwoord.tex)
LaTeX Font Info:    Font shape `OT1/phv/m/n' will be
(Font)              scaled to size 7.19995pt on input line 134.
LaTeX Font Info:    Font shape `OT1/phv/bx/n' in size <8> not available
(Font)              Font shape `OT1/phv/b/n' tried instead on input line 134.
LaTeX Font Info:    Font shape `OT1/phv/b/n' will be
(Font)              scaled to size 7.19995pt on input line 134.
Package babel Info: Redefining dutch shorthand "|
(babel)             in language  on input line 134.
Package babel Info: Redefining dutch shorthand "~
(babel)             in language  on input line 134.
Package babel Info: Redefining dutch shorthand "|
(babel)             in language  on input line 134.
Package babel Info: Redefining dutch shorthand "~
(babel)             in language  on input line 134.
 [5

]
Package babel Info: Redefining dutch shorthand "|
(babel)             in language  on input line 134.
Package babel Info: Redefining dutch shorthand "~
(babel)             in language  on input line 134.
Package babel Info: Redefining dutch shorthand "|
(babel)             in language  on input line 134.
Package babel Info: Redefining dutch shorthand "~
(babel)             in language  on input line 134.
 [6

] (abstract.tex
LaTeX Font Info:    Try loading font information for OT1+ptmcm on input line 3.


(D:\Programmas\tex\latex\psnfss\ot1ptmcm.fd
File: ot1ptmcm.fd 2000/01/03 Fontinst v1.801 font definitions for OT1/ptmcm.
)
LaTeX Font Info:    Try loading font information for OML+ptmcm on input line 3.


(D:\Programmas\tex\latex\psnfss\omlptmcm.fd
File: omlptmcm.fd 2000/01/03 Fontinst v1.801 font definitions for OML/ptmcm.
)
LaTeX Font Info:    Try loading font information for OMX+psycm on input line 3.


(D:\Programmas\tex\latex\psnfss\omxpsycm.fd
File: omxpsycm.fd 2000/01/03 Fontinst v1.801 font definitions for OMX/psycm.
)
LaTeX Font Info:    Font shape `OT1/ptm/bx/n' in size <10.95> not available
(Font)              Font shape `OT1/ptm/b/n' tried instead on input line 3.
LaTeX Font Info:    Font shape `OT1/ptm/bx/n' in size <8> not available
(Font)              Font shape `OT1/ptm/b/n' tried instead on input line 3.
LaTeX Font Info:    Font shape `OT1/ptm/bx/n' in size <6> not available
(Font)              Font shape `OT1/ptm/b/n' tried instead on input line 3.
LaTeX Font Info:    Try loading font information for U+lasy on input line 3.

(D:\Programmas\tex\latex\base\ulasy.fd
File: ulasy.fd 1998/08/17 v2.2e LaTeX symbol font definitions
)
LaTeX Font Info:    Try loading font information for U+msa on input line 3.

(D:\Programmas\tex\latex\amsfonts\umsa.fd
File: umsa.fd 2013/01/14 v3.01 AMS symbols A
)
LaTeX Font Info:    Try loading font information for U+msb on input line 3.

(D:\Programmas\tex\latex\amsfonts\umsb.fd
File: umsb.fd 2013/01/14 v3.01 AMS symbols B
))
Package babel Info: Redefining dutch shorthand "|
(babel)             in language  on input line 134.
Package babel Info: Redefining dutch shorthand "~
(babel)             in language  on input line 134.
Package babel Info: Redefining dutch shorthand "|
(babel)             in language  on input line 134.
Package babel Info: Redefining dutch shorthand "~
(babel)             in language  on input line 134.
 [7]
Package babel Info: Redefining dutch shorthand "|
(babel)             in language  on input line 134.
Package babel Info: Redefining dutch shorthand "~
(babel)             in language  on input line 134.
Package babel Info: Redefining dutch shorthand "|
(babel)             in language  on input line 134.
Package babel Info: Redefining dutch shorthand "~
(babel)             in language  on input line 134.
 [8

] (thesis_ArnoPlaetinck.toc
LaTeX Font Info:    Font shape `OT1/phv/bx/n' in size <10.95> not available
(Font)              Font shape `OT1/phv/b/n' tried instead on input line 3.
LaTeX Font Info:    Font shape `OT1/phv/b/n' will be
(Font)              scaled to size 9.85492pt on input line 3.
)
\tf@toc=\write7
\openout7 = `thesis_ArnoPlaetinck.toc'.

Package babel Info: Redefining dutch shorthand "|
(babel)             in language  on input line 134.
Package babel Info: Redefining dutch shorthand "~
(babel)             in language  on input line 134.
Package babel Info: Redefining dutch shorthand "|
(babel)             in language  on input line 134.
Package babel Info: Redefining dutch shorthand "~
(babel)             in language  on input line 134.

[9]
Package babel Info: Redefining dutch shorthand "|
(babel)             in language  on input line 134.
Package babel Info: Redefining dutch shorthand "~
(babel)             in language  on input line 134.
Package babel Info: Redefining dutch shorthand "|
(babel)             in language  on input line 134.
Package babel Info: Redefining dutch shorthand "~
(babel)             in language  on input line 134.
 [10

] (thesis_ArnoPlaetinck.lof)
\tf@lof=\write8
\openout8 = `thesis_ArnoPlaetinck.lof'.

Package babel Info: Redefining dutch shorthand "|
(babel)             in language  on input line 134.
Package babel Info: Redefining dutch shorthand "~
(babel)             in language  on input line 134.
Package babel Info: Redefining dutch shorthand "|
(babel)             in language  on input line 134.
Package babel Info: Redefining dutch shorthand "~
(babel)             in language  on input line 134.
 [11]
Package babel Info: Redefining dutch shorthand "|
(babel)             in language  on input line 134.
Package babel Info: Redefining dutch shorthand "~
(babel)             in language  on input line 134.
Package babel Info: Redefining dutch shorthand "|
(babel)             in language  on input line 134.
Package babel Info: Redefining dutch shorthand "~
(babel)             in language  on input line 134.
 [12

] (thesis_ArnoPlaetinck.lot)
\tf@lot=\write9
\openout9 = `thesis_ArnoPlaetinck.lot'.


(symbolen.tex
Package babel Info: Redefining dutch shorthand "|
(babel)             in language  on input line 1.
Package babel Info: Redefining dutch shorthand "~
(babel)             in language  on input line 1.
Package babel Info: Redefining dutch shorthand "|
(babel)             in language  on input line 1.
Package babel Info: Redefining dutch shorthand "~
(babel)             in language  on input line 1.
 [13]
Package babel Info: Redefining dutch shorthand "|
(babel)             in language  on input line 1.
Package babel Info: Redefining dutch shorthand "~
(babel)             in language  on input line 1.
Package babel Info: Redefining dutch shorthand "|
(babel)             in language  on input line 1.
Package babel Info: Redefining dutch shorthand "~
(babel)             in language  on input line 1.
 [14

]
LaTeX Font Info:    Font shape `OT1/phv/m/n' will be
(Font)              scaled to size 12.9599pt on input line 3.
LaTeX Font Info:    Font shape `OT1/phv/bx/n' in size <14.4> not available
(Font)              Font shape `OT1/phv/b/n' tried instead on input line 3.
LaTeX Font Info:    Font shape `OT1/phv/b/n' will be
(Font)              scaled to size 12.9599pt on input line 3.
LaTeX Font Info:    Font shape `OT1/phv/m/sc' will be
(Font)              scaled to size 9.85492pt on input line 10.
)
Package babel Info: Redefining dutch shorthand "|
(babel)             in language  on input line 134.
Package babel Info: Redefining dutch shorthand "~
(babel)             in language  on input line 134.
Package babel Info: Redefining dutch shorthand "|
(babel)             in language  on input line 134.
Package babel Info: Redefining dutch shorthand "~
(babel)             in language  on input line 134.
 [15]
Package babel Info: Redefining dutch shorthand "|
(babel)             in language  on input line 134.
Package babel Info: Redefining dutch shorthand "~
(babel)             in language  on input line 134.
Package babel Info: Redefining dutch shorthand "|
(babel)             in language  on input line 134.
Package babel Info: Redefining dutch shorthand "~
(babel)             in language  on input line 134.
 [16

] (Literatuurstudie.tex
Hoofdstuk 1.
Package babel Info: Redefining dutch shorthand "|
(babel)             in language  on input line 2.
Package babel Info: Redefining dutch shorthand "~
(babel)             in language  on input line 2.
LaTeX Font Info:    Font shape `OT1/phv/m/n' will be
(Font)              scaled to size 18.66588pt on input line 2.
LaTeX Font Info:    Font shape `OT1/phv/bx/n' in size <20.74> not available
(Font)              Font shape `OT1/phv/b/n' tried instead on input line 2.
LaTeX Font Info:    Font shape `OT1/phv/b/n' will be
(Font)              scaled to size 18.66588pt on input line 2.
Package babel Info: Redefining dutch shorthand "|
(babel)             in language  on input line 6.
Package babel Info: Redefining dutch shorthand "~
(babel)             in language  on input line 6.
Package babel Info: Redefining dutch shorthand "|
(babel)             in language  on input line 6.
Package babel Info: Redefining dutch shorthand "~
(babel)             in language  on input line 6.
[1

]
Package babel Info: Redefining dutch shorthand "|
(babel)             in language  on input line 8.
Package babel Info: Redefining dutch shorthand "~
(babel)             in language  on input line 8.

Overfull \hbox (2.34543pt too wide) in paragraph at lines 10--11
\OT1/phv/m/n/10.95 te-rug-ge-von-den wor-den. Van hart-rit-me-stoor-nis-sen in 
de me-di-sche sec-tor tot com-men-taar-her-ken-ning
 []

LaTeX Font Info:    Font shape `OT1/phv/m/it' in size <10.95> not available
(Font)              Font shape `OT1/phv/m/sl' tried instead on input line 12.
LaTeX Font Info:    Font shape `OT1/phv/m/sl' will be
(Font)              scaled to size 9.85492pt on input line 12.
Package babel Info: Redefining dutch shorthand "|
(babel)             in language  on input line 18.
Package babel Info: Redefining dutch shorthand "~
(babel)             in language  on input line 18.
Package babel Info: Redefining dutch shorthand "|
(babel)             in language  on input line 18.
Package babel Info: Redefining dutch shorthand "~
(babel)             in language  on input line 18.
[2]
Package babel Info: Redefining dutch shorthand "|
(babel)             in language  on input line 20.
Package babel Info: Redefining dutch shorthand "~
(babel)             in language  on input line 20.


Package hyperref Warning: Token not allowed in a PDF string (PDFDocEncoding):
(hyperref)                removing `\gls' on input line 20.


Overfull \hbox (8.88979pt too wide) in paragraph at lines 21--22
\OT1/phv/m/n/10.95 sta-tis-ti-sche mo-del-len dat ge-bruikt kan wor-den door ve
r-schil-lende com-pu-ter-sys-te-men. Deze sys-te-men
 []

LaTeX Font Info:    Font shape `OT1/phv/bx/n' in size <12> not available
(Font)              Font shape `OT1/phv/b/n' tried instead on input line 23.
LaTeX Font Info:    Font shape `OT1/phv/b/n' will be
(Font)              scaled to size 10.79993pt on input line 23.
Package babel Info: Redefining dutch shorthand "|
(babel)             in language  on input line 23.
Package babel Info: Redefining dutch shorthand "~
(babel)             in language  on input line 23.
<afbeeldingen/neuralNetwork2.PNG, id=272, 853.1875pt x 499.8675pt>
File: afbeeldingen/neuralNetwork2.PNG Graphic file (type png)
<use afbeeldingen/neuralNetwork2.PNG>
Package pdftex.def Info: afbeeldingen/neuralNetwork2.PNG  used on input line 34
.
(pdftex.def)             Requested size: 398.33858pt x 233.38177pt.
LaTeX Font Info:    Font shape `OT1/phv/m/n' will be
(Font)              scaled to size 8.99994pt on input line 35.
LaTeX Font Info:    Font shape `OT1/phv/bx/n' in size <10> not available
(Font)              Font shape `OT1/phv/b/n' tried instead on input line 35.
LaTeX Font Info:    Font shape `OT1/phv/b/n' will be
(Font)              scaled to size 8.99994pt on input line 35.
Package babel Info: Redefining dutch shorthand "|
(babel)             in language  on input line 46.
Package babel Info: Redefining dutch shorthand "~
(babel)             in language  on input line 46.
Package babel Info: Redefining dutch shorthand "|
(babel)             in language  on input line 46.
Package babel Info: Redefining dutch shorthand "~
(babel)             in language  on input line 46.
[3]
<afbeeldingen/Artificial_neuron.PNG, id=287, 273.02pt x 187.70125pt>
File: afbeeldingen/Artificial_neuron.PNG Graphic file (type png)
<use afbeeldingen/Artificial_neuron.PNG>
Package pdftex.def Info: afbeeldingen/Artificial_neuron.PNG  used on input line
 62.
(pdftex.def)             Requested size: 170.71652pt x 117.3674pt.
Package babel Info: Redefining dutch shorthand "|
(babel)             in language  on input line 74.
Package babel Info: Redefining dutch shorthand "~
(babel)             in language  on input line 74.
Package babel Info: Redefining dutch shorthand "|
(babel)             in language  on input line 74.
Package babel Info: Redefining dutch shorthand "~
(babel)             in language  on input line 74.
 [4 <./afbeeldingen/neuralNetwork2.PNG (PNG copy)>]
LaTeX Font Info:    Font shape `OT1/phv/m/n' will be
(Font)              scaled to size 5.39996pt on input line 76.

Overfull \hbox (23.76868pt too wide) in paragraph at lines 80--81
[]\OT1/phv/b/n/10.95 Lineare Com-bi-na-ties: \OT1/phv/m/n/10.95 In dit ge-val i
s de out-put niets min-der dan de ge-wo-gen som ver-me-nig-vul-digd
 []

<afbeeldingen/sigmoid.PNG, id=302, 276.03125pt x 183.68625pt>
File: afbeeldingen/sigmoid.PNG Graphic file (type png)
<use afbeeldingen/sigmoid.PNG>
Package pdftex.def Info: afbeeldingen/sigmoid.PNG  used on input line 90.
(pdftex.def)             Requested size: 199.16928pt x 132.54266pt.
Package babel Info: Redefining dutch shorthand "|
(babel)             in language  on input line 96.
Package babel Info: Redefining dutch shorthand "~
(babel)             in language  on input line 96.
Package babel Info: Redefining dutch shorthand "|
(babel)             in language  on input line 96.
Package babel Info: Redefining dutch shorthand "~
(babel)             in language  on input line 96.
[5 <./afbeeldingen/Artificial_neuron.PNG> <./afbeeldingen/sigmoid.PNG>]
Overfull \hbox (29.23979pt too wide) in paragraph at lines 102--103
 []\OT1/phv/b/n/10.95 Structuur van een be-slis-sings-boom[] \OT1/phv/m/n/10.95
 Net zo-als bij de [][]NN[] be-staat een be-slis-sings-boom uit ver-schil-lende

 []


Overfull \hbox (13.6095pt too wide) in paragraph at lines 102--103
\OT1/phv/m/n/10.95 la-gen en no-des. Er zijn ech-ter wel be-lang-rijke ver-schi
l-len in het ge-bruik bij [][]NN[] en een be-slis-sings-boom.
 []

<afbeeldingen/beslissingsBoom.PNG, id=318, 665.48625pt x 529.98pt>
File: afbeeldingen/beslissingsBoom.PNG Graphic file (type png)
<use afbeeldingen/beslissingsBoom.PNG>
Package pdftex.def Info: afbeeldingen/beslissingsBoom.PNG  used on input line 1
08.
(pdftex.def)             Requested size: 227.62204pt x 181.26636pt.
Package babel Info: Redefining dutch shorthand "|
(babel)             in language  on input line 119.
Package babel Info: Redefining dutch shorthand "~
(babel)             in language  on input line 119.
Package babel Info: Redefining dutch shorthand "|
(babel)             in language  on input line 119.
Package babel Info: Redefining dutch shorthand "~
(babel)             in language  on input line 119.
[6 <./afbeeldingen/beslissingsBoom.PNG (PNG copy)>]
<afbeeldingen/supportVectorMachines.PNG, id=332, 391.4625pt x 338.26375pt>
File: afbeeldingen/supportVectorMachines.PNG Graphic file (type png)
<use afbeeldingen/supportVectorMachines.PNG>
Package pdftex.def Info: afbeeldingen/supportVectorMachines.PNG  used on input 
line 123.
(pdftex.def)             Requested size: 227.62204pt x 196.6886pt.
<afbeeldingen/regressieAnalyse.PNG, id=337, 1204.5pt x 796.9775pt>
File: afbeeldingen/regressieAnalyse.PNG Graphic file (type png)
<use afbeeldingen/regressieAnalyse.PNG>
Package pdftex.def Info: afbeeldingen/regressieAnalyse.PNG  used on input line 
134.
(pdftex.def)             Requested size: 227.62204pt x 150.60036pt.

Overfull \hbox (8.44347pt too wide) in paragraph at lines 146--147
\OT1/phv/m/n/10.95 zo-als mu-ta-tie, se-lec-tie en kruis-be-stui-ving wor-den e
r nieuwe \OT1/phv/m/sl/10.95 chro-mo-so-men \OT1/phv/m/n/10.95 ge-ge-ne-reerd d
ie mo-ge-lijks
 []


Underfull \vbox (badness 10000) has occurred while \output is active []

Package babel Info: Redefining dutch shorthand "|
(babel)             in language  on input line 147.
Package babel Info: Redefining dutch shorthand "~
(babel)             in language  on input line 147.
Package babel Info: Redefining dutch shorthand "|
(babel)             in language  on input line 147.
Package babel Info: Redefining dutch shorthand "~
(babel)             in language  on input line 147.
 [7 <./afbeeldingen/supportVectorMachines.PNG>]
Package babel Info: Redefining dutch shorthand "|
(babel)             in language  on input line 148.
Package babel Info: Redefining dutch shorthand "~
(babel)             in language  on input line 148.


Package hyperref Warning: Token not allowed in a PDF string (PDFDocEncoding):
(hyperref)                removing `\gls' on input line 148.


Overfull \hbox (0.41681pt too wide) in paragraph at lines 157--158
[]| \OT1/phv/m/n/10.95 Voor-de-len: Neu-rale net-wer-ken zijn de hui-dige state
-of-the-art in ver-schil-lende do-mei-nen.
 []


Overfull \hbox (7.26329pt too wide) in paragraph at lines 157--158
[][]\OT1/phv/m/n/10.95 NN[] kun-nen uit-ste-kend om-gaan met on-der meer beeld-
, audio- en tekst-data en deze ver-wer-ken.
 []


Overfull \hbox (25.29646pt too wide) in paragraph at lines 158--159
\OT1/phv/m/n/10.95 net-werk en vra-gen veel ex-per-tise voor kleine aan-pas-sin
-gen zo-als ar-chi-tec-tuur en hy-per-pa-ra-me-ters. 
 []

Package babel Info: Redefining dutch shorthand "|
(babel)             in language  on input line 162.
Package babel Info: Redefining dutch shorthand "~
(babel)             in language  on input line 162.
Package babel Info: Redefining dutch shorthand "|
(babel)             in language  on input line 162.
Package babel Info: Redefining dutch shorthand "~
(babel)             in language  on input line 162.
[8 <./afbeeldingen/regressieAnalyse.PNG>]
Overfull \hbox (16.9687pt too wide) in paragraph at lines 164--165
\OT1/phv/m/n/10.95 om een cor-recte fit-ting te vin-den voor een ge-ge-ven ne-t
e-lige re-la-tie. Bo-ven-dien is het on-vol-doende
 []


Overfull \hbox (22.14304pt too wide) in paragraph at lines 175--176
\OT1/phv/m/n/10.95 schaal-baar voor meer-dere klas-sen en kun-nen niet-lineaire
 gren-zen op na-tuur-lijke wijze mo-del-le-ren
 []


Overfull \hbox (6.02472pt too wide) in paragraph at lines 176--177
[]| \OT1/phv/m/n/10.95 Na-de-len: Clas-si-fi-ca-tion trees zijn vat-baar voor o
ver-fit-ting in-dien er te veel ge-bruik ge-maakt
 []


Overfull \hbox (3.14433pt too wide) in paragraph at lines 178--179
\OT1/phv/m/n/10.95 heb-ben een sterke ro-buust-heid te-gen over-fit-ting, voora
l in ho-gere di-men-si-o-nale vec-tor-ruim-tes. 
 []


Overfull \hbox (6.94669pt too wide) in paragraph at lines 181--182
\OT1/phv/m/n/10.95 kan er be-scher-ming te-gen over-fit-ting ge[]mplementeerd 
wor-den en kun-nen mo-del-len een-vou-dig
 []


Overfull \hbox (16.9687pt too wide) in paragraph at lines 182--183
\OT1/phv/m/n/10.95 om een cor-recte fit-ting te vin-den voor een ge-ge-ven ne-t
e-lige re-la-tie. Bo-ven-dien is het on-vol-doende
 []


Overfull \hbox (12.9205pt too wide) in paragraph at lines 188--189
\OT1/phv/m/n/10.95 Na een af-we-ging ge-daan te heb-ben van de be-lang-rijk-ste
 kan-di-da-ten bij zo-wel re-gres-sie als clas-si-fi-ca-tie
 []

Package babel Info: Redefining dutch shorthand "|
(babel)             in language  on input line 189.
Package babel Info: Redefining dutch shorthand "~
(babel)             in language  on input line 189.
Package babel Info: Redefining dutch shorthand "|
(babel)             in language  on input line 189.
Package babel Info: Redefining dutch shorthand "~
(babel)             in language  on input line 189.
[9]
Package babel Info: Redefining dutch shorthand "|
(babel)             in language  on input line 195.
Package babel Info: Redefining dutch shorthand "~
(babel)             in language  on input line 195.
Package babel Info: Redefining dutch shorthand "|
(babel)             in language  on input line 195.
Package babel Info: Redefining dutch shorthand "~
(babel)             in language  on input line 195.
 [10]
Package babel Info: Redefining dutch shorthand "|
(babel)             in language  on input line 196.
Package babel Info: Redefining dutch shorthand "~
(babel)             in language  on input line 196.

Overfull \hbox (35.51701pt too wide) in paragraph at lines 200--201
\OT1/phv/m/n/10.95 Deze tech-niek maakt ge-bruik van ge-paarde da-ta-sets van i
n-put-ob-jec-ten en de te ver-wach-ten out-put-ob-jec-ten.
 []


Overfull \hbox (27.18985pt too wide) in paragraph at lines 200--201
\OT1/phv/m/n/10.95 mo-ge-lijk over-een-ko-men met de ge-la-belde out-puts uit d
e da-ta-sets. Men op-ti-ma-li-seert deze ma-the-ma-ti-sche
 []

<afbeeldingen/Reinforcement_learning_diagram.PNG, id=377, 376.40625pt x 364.361
25pt>
File: afbeeldingen/Reinforcement_learning_diagram.PNG Graphic file (type png)
<use afbeeldingen/Reinforcement_learning_diagram.PNG>
Package pdftex.def Info: afbeeldingen/Reinforcement_learning_diagram.PNG  used 
on input line 210.
(pdftex.def)             Requested size: 170.71652pt x 165.25645pt.

Overfull \hbox (1.33066pt too wide) in paragraph at lines 207--215
\OT1/phv/m/n/10.95 Learning door de on-af-han-ke-lijk-heid van ge-la-belde out-
put-da-ta-sets. Hier-bij wor-den bo-ven-dien min-der
 []

Package babel Info: Redefining dutch shorthand "|
(babel)             in language  on input line 217.
Package babel Info: Redefining dutch shorthand "~
(babel)             in language  on input line 217.
Package babel Info: Redefining dutch shorthand "|
(babel)             in language  on input line 217.
Package babel Info: Redefining dutch shorthand "~
(babel)             in language  on input line 217.
[11]
Package babel Info: Redefining dutch shorthand "|
(babel)             in language  on input line 220.
Package babel Info: Redefining dutch shorthand "~
(babel)             in language  on input line 220.


Package hyperref Warning: Token not allowed in a PDF string (PDFDocEncoding):
(hyperref)                removing `\gls' on input line 220.


Overfull \hbox (18.53088pt too wide) in paragraph at lines 221--222
\OT1/phv/m/n/10.95 een mi-cro-pro-ces-sor, ge-heu-gen, in-puts en out-puts. De 
[][]SBC[] werd ont-wik-keld als een voorstel-hulpmiddel
 []


Overfull \hbox (12.58455pt too wide) in paragraph at lines 221--222
\OT1/phv/m/n/10.95 zijn ook vele (draag-bare) com-pu-ters ge[]ntegreerd op []e
[]en print-plaat. Het grote ver-schil met (draag-bare)
 []

Package babel Info: Redefining dutch shorthand "|
(babel)             in language  on input line 222.
Package babel Info: Redefining dutch shorthand "~
(babel)             in language  on input line 222.

Overfull \hbox (35.67494pt too wide) in paragraph at lines 223--224
\OT1/phv/m/n/10.95 De eer-ste echte SBC was de zo-ge-naamde "dyna-micro" uit fi
-guur  []1.8[] die la-ter de naam "MMD-1"(Mini-Micro
 []


Overfull \hbox (19.97581pt too wide) in paragraph at lines 223--224
\OT1/phv/m/n/10.95 De-sig-ner 1) kreeg. Dit toe-stel werd uit-ge-ge-ven in 1976
 en werd po-pu-lair door-dat het werd ge-pre-sen-teerd
 []

<afbeeldingen/Early_1976_MMD1_Prototype_most_chips_removed.PNG, id=391, 1798.72
pt x 1204.5pt>
File: afbeeldingen/Early_1976_MMD1_Prototype_most_chips_removed.PNG Graphic fil
e (type png)
<use afbeeldingen/Early_1976_MMD1_Prototype_most_chips_removed.PNG>
Package pdftex.def Info: afbeeldingen/Early_1976_MMD1_Prototype_most_chips_remo
ved.PNG  used on input line 227.
(pdftex.def)             Requested size: 341.43306pt x 228.63683pt.

Overfull \hbox (6.7588pt too wide) in paragraph at lines 232--233
\OT1/phv/m/n/10.95 com-po-nen-ten en doch-ter-bor-den voor pe-ri-fe-rie-com-po-
nen-ten zo-als seri[]A[]le poor-ten. De voor-naamste
 []

Package babel Info: Redefining dutch shorthand "|
(babel)             in language  on input line 239.
Package babel Info: Redefining dutch shorthand "~
(babel)             in language  on input line 239.
Package babel Info: Redefining dutch shorthand "|
(babel)             in language  on input line 239.
Package babel Info: Redefining dutch shorthand "~
(babel)             in language  on input line 239.
[12 <./afbeeldingen/Reinforcement_learning_diagram.PNG>]
Package babel Info: Redefining dutch shorthand "|
(babel)             in language  on input line 243.
Package babel Info: Redefining dutch shorthand "~
(babel)             in language  on input line 243.
Package babel Info: Redefining dutch shorthand "|
(babel)             in language  on input line 243.
Package babel Info: Redefining dutch shorthand "~
(babel)             in language  on input line 243.
 [13 <./afbeeldingen/Early_1976_MMD1_Prototype_most_chips_removed.PNG>]
Package babel Info: Redefining dutch shorthand "|
(babel)             in language  on input line 247.
Package babel Info: Redefining dutch shorthand "~
(babel)             in language  on input line 247.
Package babel Info: Redefining dutch shorthand "|
(babel)             in language  on input line 249.
Package babel Info: Redefining dutch shorthand "~
(babel)             in language  on input line 249.
Package babel Info: Redefining dutch shorthand "|
(babel)             in language  on input line 265.
Package babel Info: Redefining dutch shorthand "~
(babel)             in language  on input line 265.

Overfull \hbox (21.46356pt too wide) in paragraph at lines 266--267
\OT1/phv/m/n/10.95 Google[[]]. Het board is ont-wor-pen om het ont-wik-ke-len v
an on-device ML pro-duc-ten te ver-ge-mak-ke-lij-ken.
 []


Overfull \hbox (8.22887pt too wide) in paragraph at lines 266--267
\OT1/phv/m/n/10.95 re-so-lu-tie te ana-ly-se-ren aan 30 fra-mes per se-cond. De
ze [][]System-on-Module (SoM)[] is ge-op-ti-ma-li-seerd
 []

Package babel Info: Redefining dutch shorthand "|
(babel)             in language  on input line 280.
Package babel Info: Redefining dutch shorthand "~
(babel)             in language  on input line 280.

Overfull \hbox (0.43413pt too wide) in paragraph at lines 281--282
\OT1/phv/m/n/10.95 krach-tige com-pu-ter ont-wik-keld voor em-bed-ded ap-pli-ca
-ties en low-power [][]AI[]-[][]Internet-of-Things (IoT)[].
 []


Overfull \hbox (3.72722pt too wide) in paragraph at lines 281--282
\OT1/phv/m/n/10.95 Deze [][]SBC[] wordt on-der-steund door meer-dere bi-bli-o-t
he-ken in sec-to-ren zo-als deep learning, com-pu-ter
 []

Package babel Info: Redefining dutch shorthand "|
(babel)             in language  on input line 282.
Package babel Info: Redefining dutch shorthand "~
(babel)             in language  on input line 282.
Package babel Info: Redefining dutch shorthand "|
(babel)             in language  on input line 282.
Package babel Info: Redefining dutch shorthand "~
(babel)             in language  on input line 282.
[14]
Package babel Info: Redefining dutch shorthand "|
(babel)             in language  on input line 295.
Package babel Info: Redefining dutch shorthand "~
(babel)             in language  on input line 295.

Overfull \hbox (7.07654pt too wide) in paragraph at lines 301--302
[]\OT1/phv/b/n/10.95 CPU: \OT1/phv/m/n/10.95 Dual-Core NVI-DIA Den-ver 2 64-Bit
 & CPU Quad-Core ARM[]A[] Cor-tex[]A[]-A57 MP-Core 
 []

Package babel Info: Redefining dutch shorthand "|
(babel)             in language  on input line 310.
Package babel Info: Redefining dutch shorthand "~
(babel)             in language  on input line 310.

Overfull \hbox (5.1247pt too wide) in paragraph at lines 311--312
\OT1/phv/m/n/10.95 On-danks de enorm lage prijs heeft de vierde edi-tie nog moo
ie spe-ci-fi-ca-ties. Het heeft een be-hoor-lijke
 []

Package babel Info: Redefining dutch shorthand "|
(babel)             in language  on input line 312.
Package babel Info: Redefining dutch shorthand "~
(babel)             in language  on input line 312.
Package babel Info: Redefining dutch shorthand "|
(babel)             in language  on input line 312.
Package babel Info: Redefining dutch shorthand "~
(babel)             in language  on input line 312.
[15]
Package babel Info: Redefining dutch shorthand "|
(babel)             in language  on input line 323.
Package babel Info: Redefining dutch shorthand "~
(babel)             in language  on input line 323.
Package babel Info: Redefining dutch shorthand "|
(babel)             in language  on input line 323.
Package babel Info: Redefining dutch shorthand "~
(babel)             in language  on input line 323.
 [16]
Package babel Info: Redefining dutch shorthand "|
(babel)             in language  on input line 326.
Package babel Info: Redefining dutch shorthand "~
(babel)             in language  on input line 326.


Package hyperref Warning: Token not allowed in a PDF string (PDFDocEncoding):
(hyperref)                removing `\gls' on input line 326.


Overfull \hbox (21.57346pt too wide) in paragraph at lines 331--332
[]\OT1/phv/m/n/10.95 Om te voor-ko-men dat de re-sul-ta-ten af-han-ke-lijk zijn
 van slechts []e[]en pro-gramma, al-go-ritme, toepassing$[] $
 []


Overfull \hbox (52.88118pt too wide) in paragraph at lines 331--332
\OT1/phv/m/n/10.95 toe-pas-sin-gen en al-go-rit-mes te keu-ren. Zo moet men nie
t tes-ten op en-kel classificatie- of re-gres-sie-toe-pas-sin-gen.
 []

) (hfdst1.tex
Package babel Info: Redefining dutch shorthand "|
(babel)             in language  on input line 2.
Package babel Info: Redefining dutch shorthand "~
(babel)             in language  on input line 2.
Package babel Info: Redefining dutch shorthand "|
(babel)             in language  on input line 2.
Package babel Info: Redefining dutch shorthand "~
(babel)             in language  on input line 2.
 [17]
Package babel Info: Redefining dutch shorthand "|
(babel)             in language  on input line 2.
Package babel Info: Redefining dutch shorthand "~
(babel)             in language  on input line 2.
Package babel Info: Redefining dutch shorthand "|
(babel)             in language  on input line 2.
Package babel Info: Redefining dutch shorthand "~
(babel)             in language  on input line 2.
 [18

]
Hoofdstuk 2.
Package babel Info: Redefining dutch shorthand "|
(babel)             in language  on input line 2.
Package babel Info: Redefining dutch shorthand "~
(babel)             in language  on input line 2.
LaTeX Font Info:    Font shape `OT1/phv/m/n' will be
(Font)              scaled to size 8.09995pt on input line 3.
LaTeX Font Info:    Font shape `OT1/ptm/bx/n' in size <9> not available
(Font)              Font shape `OT1/ptm/b/n' tried instead on input line 3.
LaTeX Font Info:    Font shape `OT1/ptm/bx/n' in size <7> not available
(Font)              Font shape `OT1/ptm/b/n' tried instead on input line 3.
LaTeX Font Info:    Font shape `OT1/ptm/bx/n' in size <5> not available
(Font)              Font shape `OT1/ptm/b/n' tried instead on input line 3.
LaTeX Font Info:    Font shape `OT1/phv/m/n' will be
(Font)              scaled to size 6.29996pt on input line 3.
Package babel Info: Redefining dutch shorthand "|
(babel)             in language  on input line 4.
Package babel Info: Redefining dutch shorthand "~
(babel)             in language  on input line 4.
Package babel Info: Redefining dutch shorthand "|
(babel)             in language  on input line 4.
Package babel Info: Redefining dutch shorthand "~
(babel)             in language  on input line 4.
[19]
Package babel Info: Redefining dutch shorthand "|
(babel)             in language  on input line 9.
Package babel Info: Redefining dutch shorthand "~
(babel)             in language  on input line 9.
Package babel Info: Redefining dutch shorthand "|
(babel)             in language  on input line 9.
Package babel Info: Redefining dutch shorthand "~
(babel)             in language  on input line 9.
 [20]) (hfdst2.tex
Package babel Info: Redefining dutch shorthand "|
(babel)             in language  on input line 2.
Package babel Info: Redefining dutch shorthand "~
(babel)             in language  on input line 2.
Package babel Info: Redefining dutch shorthand "|
(babel)             in language  on input line 2.
Package babel Info: Redefining dutch shorthand "~
(babel)             in language  on input line 2.
 [21]
Package babel Info: Redefining dutch shorthand "|
(babel)             in language  on input line 2.
Package babel Info: Redefining dutch shorthand "~
(babel)             in language  on input line 2.
Package babel Info: Redefining dutch shorthand "|
(babel)             in language  on input line 2.
Package babel Info: Redefining dutch shorthand "~
(babel)             in language  on input line 2.
 [22

]
Hoofdstuk 3.
Package babel Info: Redefining dutch shorthand "|
(babel)             in language  on input line 2.
Package babel Info: Redefining dutch shorthand "~
(babel)             in language  on input line 2.
) (hfdst3.tex
Package babel Info: Redefining dutch shorthand "|
(babel)             in language  on input line 7.
Package babel Info: Redefining dutch shorthand "~
(babel)             in language  on input line 7.
Package babel Info: Redefining dutch shorthand "|
(babel)             in language  on input line 7.
Package babel Info: Redefining dutch shorthand "~
(babel)             in language  on input line 7.
 [23]
Package babel Info: Redefining dutch shorthand "|
(babel)             in language  on input line 7.
Package babel Info: Redefining dutch shorthand "~
(babel)             in language  on input line 7.
Package babel Info: Redefining dutch shorthand "|
(babel)             in language  on input line 7.
Package babel Info: Redefining dutch shorthand "~
(babel)             in language  on input line 7.
 [24

]
Hoofdstuk 4.
Package babel Info: Redefining dutch shorthand "|
(babel)             in language  on input line 7.
Package babel Info: Redefining dutch shorthand "~
(babel)             in language  on input line 7.

Package natbib Warning: Citation `Castleman98' on page 25 undefined on input li
ne 9.


Package natbib Warning: Citation `Granlund95' on page 25 undefined on input lin
e 9.


Package natbib Warning: Citation `Holmes95' on page 25 undefined on input line 
9.

Package babel Info: Redefining dutch shorthand "|
(babel)             in language  on input line 27.
Package babel Info: Redefining dutch shorthand "~
(babel)             in language  on input line 27.
) (thesis_ArnoPlaetinck.bbl
Package babel Info: Redefining dutch shorthand "|
(babel)             in language  on input line 4.
Package babel Info: Redefining dutch shorthand "~
(babel)             in language  on input line 4.
Package babel Info: Redefining dutch shorthand "|
(babel)             in language  on input line 4.
Package babel Info: Redefining dutch shorthand "~
(babel)             in language  on input line 4.
 [25]
Package babel Info: Redefining dutch shorthand "|
(babel)             in language  on input line 4.
Package babel Info: Redefining dutch shorthand "~
(babel)             in language  on input line 4.
Package babel Info: Redefining dutch shorthand "|
(babel)             in language  on input line 4.
Package babel Info: Redefining dutch shorthand "~
(babel)             in language  on input line 4.
 [26

]
Overfull \hbox (38.34236pt too wide) in paragraph at lines 31--32
[][]$\OT1/phv/m/n/10.95 https : / / medium . com / machine-[]learning-[]bites /
 machine-[]learning-[]decision-[]tree-[]classier-[]9eb67cad263e$[]. 
 []


Underfull \hbox (badness 10000) in paragraph at lines 34--35
[][]$\OT1/phv/m/n/10.95 https : / / subscription . packtpub . com / book / big[
]data[]and[]business[]intelligence / 9781788994170 /
 []

) (bijlage1.tex
Package babel Info: Redefining dutch shorthand "|
(babel)             in language  on input line 1.
Package babel Info: Redefining dutch shorthand "~
(babel)             in language  on input line 1.
Package babel Info: Redefining dutch shorthand "|
(babel)             in language  on input line 1.
Package babel Info: Redefining dutch shorthand "~
(babel)             in language  on input line 1.
 [27]
Package babel Info: Redefining dutch shorthand "|
(babel)             in language  on input line 1.
Package babel Info: Redefining dutch shorthand "~
(babel)             in language  on input line 1.
Package babel Info: Redefining dutch shorthand "|
(babel)             in language  on input line 1.
Package babel Info: Redefining dutch shorthand "~
(babel)             in language  on input line 1.
 [28

]
B"ylage A.
Package babel Info: Redefining dutch shorthand "|
(babel)             in language  on input line 1.
Package babel Info: Redefining dutch shorthand "~
(babel)             in language  on input line 1.
)
Package babel Info: Redefining dutch shorthand "|
(babel)             in language  on input line 154.
Package babel Info: Redefining dutch shorthand "~
(babel)             in language  on input line 154.
Package babel Info: Redefining dutch shorthand "|
(babel)             in language  on input line 154.
Package babel Info: Redefining dutch shorthand "~
(babel)             in language  on input line 154.
 [29]
Package babel Info: Redefining dutch shorthand "|
(babel)             in language  on input line 154.
Package babel Info: Redefining dutch shorthand "~
(babel)             in language  on input line 154.
Package babel Info: Redefining dutch shorthand "|
(babel)             in language  on input line 154.
Package babel Info: Redefining dutch shorthand "~
(babel)             in language  on input line 154.
 [30

]
B"ylage B.
Package babel Info: Redefining dutch shorthand "|
(babel)             in language  on input line 154.
Package babel Info: Redefining dutch shorthand "~
(babel)             in language  on input line 154.
Package babel Info: Redefining dutch shorthand "|
(babel)             in language  on input line 159.
Package babel Info: Redefining dutch shorthand "~
(babel)             in language  on input line 159.
Package babel Info: Redefining dutch shorthand "|
(babel)             in language  on input line 159.
Package babel Info: Redefining dutch shorthand "~
(babel)             in language  on input line 159.
[31]
Package babel Info: Redefining dutch shorthand "|
(babel)             in language  on input line 159.
Package babel Info: Redefining dutch shorthand "~
(babel)             in language  on input line 159.
Package babel Info: Redefining dutch shorthand "|
(babel)             in language  on input line 159.
Package babel Info: Redefining dutch shorthand "~
(babel)             in language  on input line 159.
 [32

]
B"ylage C.
Package babel Info: Redefining dutch shorthand "|
(babel)             in language  on input line 159.
Package babel Info: Redefining dutch shorthand "~
(babel)             in language  on input line 159.
<back_fiiw_gent.pdf, id=565, 597.432pt x 845.07718pt>
File: back_fiiw_gent.pdf Graphic file (type pdf)
<use back_fiiw_gent.pdf>
Package pdftex.def Info: back_fiiw_gent.pdf  used on input line 162.
(pdftex.def)             Requested size: 597.43054pt x 845.07512pt.
File: back_fiiw_gent.pdf Graphic file (type pdf)
<use back_fiiw_gent.pdf>
Package pdftex.def Info: back_fiiw_gent.pdf  used on input line 162.
(pdftex.def)             Requested size: 597.43054pt x 845.07512pt.
<back_fiiw_gent.pdf, id=568, page=1, 597.432pt x 845.07718pt>
File: back_fiiw_gent.pdf Graphic file (type pdf)
<use back_fiiw_gent.pdf, page 1>
Package pdftex.def Info: back_fiiw_gent.pdf , page1 used on input line 162.
(pdftex.def)             Requested size: 597.43054pt x 845.07512pt.
File: back_fiiw_gent.pdf Graphic file (type pdf)
<use back_fiiw_gent.pdf, page 1>
Package pdftex.def Info: back_fiiw_gent.pdf , page1 used on input line 162.
(pdftex.def)             Requested size: 597.45789pt x 845.1138pt.
Package babel Info: Redefining dutch shorthand "|
(babel)             in language  on input line 162.
Package babel Info: Redefining dutch shorthand "~
(babel)             in language  on input line 162.
Package babel Info: Redefining dutch shorthand "|
(babel)             in language  on input line 162.
Package babel Info: Redefining dutch shorthand "~
(babel)             in language  on input line 162.
[33]
File: back_fiiw_gent.pdf Graphic file (type pdf)
<use back_fiiw_gent.pdf, page 1>
Package pdftex.def Info: back_fiiw_gent.pdf , page1 used on input line 162.
(pdftex.def)             Requested size: 597.45789pt x 845.1138pt.
File: back_fiiw_gent.pdf Graphic file (type pdf)
<use back_fiiw_gent.pdf, page 1>
Package pdftex.def Info: back_fiiw_gent.pdf , page1 used on input line 162.
(pdftex.def)             Requested size: 597.45789pt x 845.1138pt.
Package babel Info: Redefining dutch shorthand "|
(babel)             in language  on input line 162.
Package babel Info: Redefining dutch shorthand "~
(babel)             in language  on input line 162.
Package babel Info: Redefining dutch shorthand "|
(babel)             in language  on input line 162.
Package babel Info: Redefining dutch shorthand "~
(babel)             in language  on input line 162.
File: back_fiiw_gent.pdf Graphic file (type pdf)
<use back_fiiw_gent.pdf, page 1>
Package pdftex.def Info: back_fiiw_gent.pdf , page1 used on input line 162.
(pdftex.def)             Requested size: 597.45789pt x 845.1138pt.
 [34 <./back_fiiw_gent.pdf>]

Package natbib Warning: There were undefined citations.


Package glossaries Warning: No \printglossary or \printglossaries found. 
(Remove \makeglossaries if you don't want any glossaries.) 
This document will not have a glossary.

Package atveryend Info: Empty hook `BeforeClearDocument' on input line 164.
Package atveryend Info: Empty hook `AfterLastShipout' on input line 164.
(thesis_ArnoPlaetinck.aux)
Package atveryend Info: Executing hook `AtVeryEndDocument' on input line 164.
Package atveryend Info: Executing hook `AtEndAfterFileList' on input line 164.
Package rerunfilecheck Info: File `thesis_ArnoPlaetinck.out' has not changed.
(rerunfilecheck)             Checksum: 88154DB19D13A7B060FF0359F974B690;1464.
Package atveryend Info: Empty hook `AtVeryVeryEnd' on input line 164.
 ) 
Here is how much of TeX's memory you used:
 19280 strings out of 493305
 302983 string characters out of 3144950
 454126 words of memory out of 3000000
 22279 multiletter control sequences out of 15000+200000
 66240 words of font info for 127 fonts, out of 3000000 for 9000
 1141 hyphenation exceptions out of 8191
 45i,18n,77p,2003b,558s stack positions out of 5000i,500n,10000p,200000b,50000s
pdfTeX warning (dest): name{glo:cpu} has been referenced but does not exist, 
replaced by a fixed one

pdfTeX warning (dest): name{glo:iot} has been referenced but does not exist, re
placed by a fixed one

pdfTeX warning (dest): name{glo:tops} has been referenced but does not exist, r
eplaced by a fixed one

pdfTeX warning (dest): name{glo:som} has been referenced but does not exist, re
placed by a fixed one

pdfTeX warning (dest): name{glo:asic} has been referenced but does not exist, r
eplaced by a fixed one

pdfTeX warning (dest): name{glo:tpu} has been referenced but does not exist, re
placed by a fixed one

pdfTeX warning (dest): name{glo:eve} has been referenced but does not exist, re
placed by a fixed one

pdfTeX warning (dest): name{glo:soc} has been referenced but does not exist, re
placed by a fixed one

pdfTeX warning (dest): name{glo:bbai} has been referenced but does not exist, r
eplaced by a fixed one

pdfTeX warning (dest): name{glo:gpu} has been referenced but does not exist, re
placed by a fixed one

pdfTeX warning (dest): name{glo:svm} has been referenced but does not exist, re
placed by a fixed one

pdfTeX warning (dest): name{glo:relu} has been referenced but does not exist, r
eplaced by a fixed one

pdfTeX warning (dest): name{glo:nn} has been referenced but does not exist, rep
laced by a fixed one

pdfTeX warning (dest): name{glo:ann} has been referenced but does not exist, re
placed by a fixed one

pdfTeX warning (dest): name{glo:ai} has been referenced but does not exist, rep
laced by a fixed one

pdfTeX warning (dest): name{glo:sbc} has been referenced but does not exist, re
placed by a fixed one

pdfTeX warning (dest): name{glo:ml} has been referenced but does not exist, rep
laced by a fixed one

{D:/Programmas/fonts/enc/dvips/base/8r.enc}<D:/Programmas/fonts/type1/public/am
sfonts/cm/cmex10.pfb><D:/Programmas/fonts/type1/public/amsfonts/cm/cmmi10.pfb><
D:/Programmas/fonts/type1/public/amsfonts/cm/cmr10.pfb><D:/Programmas/fonts/typ
e1/public/amsfonts/cm/cmsy10.pfb><D:/Programmas/fonts/type1/urw/helvetic/uhvb8a
.pfb><D:/Programmas/fonts/type1/urw/helvetic/uhvr8a.pfb><D:/Programmas/fonts/ty
pe1/urw/helvetic/uhvro8a.pfb><D:/Programmas/fonts/type1/urw/symbol/usyr.pfb><D:
/Programmas/fonts/type1/urw/times/utmr8a.pfb><D:/Programmas/fonts/type1/urw/tim
es/utmri8a.pfb>
Output written on thesis_ArnoPlaetinck.pdf (50 pages, 1726506 bytes).
PDF statistics:
 659 PDF objects out of 1000 (max. 8388607)
 149 named destinations out of 1000 (max. 500000)
 242 words of extra memory for PDF output out of 10000 (max. 10000000)

